# JRE version: Java(TM) SE Runtime Environment (8.0_112-b15) (build 1.8.0_112-b15)
# Java VM: Java HotSpot(TM) 64-Bit Server VM (25.112-b15 mixed mode windows-amd64 compressed oops)
Heap:
 PSYoungGen      total 18944K, used 3379K [0x00000000eb380000, 0x00000000ed980000, 0x0000000100000000)
  eden space 16384K, 5% used [0x00000000eb380000,0x00000000eb44cde0,0x00000000ec380000)
  from space 2560K, 100% used [0x00000000ec380000,0x00000000ec600000,0x00000000ec600000)
  to   space 7680K, 0% used [0x00000000ed200000,0x00000000ed200000,0x00000000ed980000)
 ParOldGen       total 40448K, used 10844K [0x00000000c1a00000, 0x00000000c4180000, 0x00000000eb380000)
  object space 40448K, 26% used [0x00000000c1a00000,0x00000000c2497070,0x00000000c4180000)
 Metaspace       used 21424K, capacity 22912K, committed 23168K, reserved 1069056K
  class space    used 3126K, capacity 3373K, committed 3456K, reserved 1048576K
GC Heap History (10 events):
Event: 1.426 GC heap before
{Heap before GC invocations=2 (full 0):
 PSYoungGen      total 18944K, used 18912K [0x00000000eb380000, 0x00000000ec880000, 0x0000000100000000)
  eden space 16384K, 100% used [0x00000000eb380000,0x00000000ec380000,0x00000000ec380000)
  from space 2560K, 98% used [0x00000000ec380000,0x00000000ec5f8050,0x00000000ec600000)
  to   space 2560K, 0% used [0x00000000ec600000,0x00000000ec600000,0x00000000ec880000)
 ParOldGen       total 44032K, used 826K [0x00000000c1a00000, 0x00000000c4500000, 0x00000000eb380000)
  object space 44032K, 1% used [0x00000000c1a00000,0x00000000c1ace988,0x00000000c4500000)
 Metaspace       used 16068K, capacity 16688K, committed 16896K, reserved 1062912K
  class space    used 2335K, capacity 2477K, committed 2560K, reserved 1048576K
Event: 1.432 GC heap after
Heap after GC invocations=2 (full 0):
 PSYoungGen      total 18944K, used 2528K [0x00000000eb380000, 0x00000000ec880000, 0x0000000100000000)
  eden space 16384K, 0% used [0x00000000eb380000,0x00000000eb380000,0x00000000ec380000)
  from space 2560K, 98% used [0x00000000ec600000,0x00000000ec878020,0x00000000ec880000)
  to   space 2560K, 0% used [0x00000000ec380000,0x00000000ec380000,0x00000000ec600000)
 ParOldGen       total 44032K, used 3734K [0x00000000c1a00000, 0x00000000c4500000, 0x00000000eb380000)
  object space 44032K, 8% used [0x00000000c1a00000,0x00000000c1da5968,0x00000000c4500000)
 Metaspace       used 16068K, capacity 16688K, committed 16896K, reserved 1062912K
  class space    used 2335K, capacity 2477K, committed 2560K, reserved 1048576K
}
Event: 7.251 GC heap before
{Heap before GC invocations=3 (full 0):
 PSYoungGen      total 18944K, used 18912K [0x00000000eb380000, 0x00000000ec880000, 0x0000000100000000)
  eden space 16384K, 100% used [0x00000000eb380000,0x00000000ec380000,0x00000000ec380000)
  from space 2560K, 98% used [0x00000000ec600000,0x00000000ec878020,0x00000000ec880000)
  to   space 2560K, 0% used [0x00000000ec380000,0x00000000ec380000,0x00000000ec600000)
 ParOldGen       total 44032K, used 3734K [0x00000000c1a00000, 0x00000000c4500000, 0x00000000eb380000)
  object space 44032K, 8% used [0x00000000c1a00000,0x00000000c1da5968,0x00000000c4500000)
 Metaspace       used 19226K, capacity 20296K, committed 20608K, reserved 1067008K
  class space    used 2862K, capacity 3077K, committed 3200K, reserved 1048576K
Event: 7.264 GC heap after
Heap after GC invocations=3 (full 0):
 PSYoungGen      total 18944K, used 2528K [0x00000000eb380000, 0x00000000ec880000, 0x0000000100000000)
  eden space 16384K, 0% used [0x00000000eb380000,0x00000000eb380000,0x00000000ec380000)
  from space 2560K, 98% used [0x00000000ec380000,0x00000000ec5f8020,0x00000000ec600000)
  to   space 2560K, 0% used [0x00000000ec600000,0x00000000ec600000,0x00000000ec880000)
 ParOldGen       total 44032K, used 7600K [0x00000000c1a00000, 0x00000000c4500000, 0x00000000eb380000)
  object space 44032K, 17% used [0x00000000c1a00000,0x00000000c216c238,0x00000000c4500000)
 Metaspace       used 19226K, capacity 20296K, committed 20608K, reserved 1067008K
  class space    used 2862K, capacity 3077K, committed 3200K, reserved 1048576K
}
Event: 8.653 GC heap before
{Heap before GC invocations=4 (full 0):
 PSYoungGen      total 18944K, used 6134K [0x00000000eb380000, 0x00000000ec880000, 0x0000000100000000)
  eden space 16384K, 22% used [0x00000000eb380000,0x00000000eb705908,0x00000000ec380000)
  from space 2560K, 98% used [0x00000000ec380000,0x00000000ec5f8020,0x00000000ec600000)
  to   space 2560K, 0% used [0x00000000ec600000,0x00000000ec600000,0x00000000ec880000)
 ParOldGen       total 44032K, used 7600K [0x00000000c1a00000, 0x00000000c4500000, 0x00000000eb380000)
  object space 44032K, 17% used [0x00000000c1a00000,0x00000000c216c238,0x00000000c4500000)
 Metaspace       used 20074K, capacity 21198K, committed 21296K, reserved 1067008K
  class space    used 2932K, capacity 3156K, committed 3200K, reserved 1048576K
Event: 8.673 GC heap after
Heap after GC invocations=4 (full 0):
 PSYoungGen      total 18944K, used 2550K [0x00000000eb380000, 0x00000000ec880000, 0x0000000100000000)
  eden space 16384K, 0% used [0x00000000eb380000,0x00000000eb380000,0x00000000ec380000)
  from space 2560K, 99% used [0x00000000ec600000,0x00000000ec87db20,0x00000000ec880000)
  to   space 2560K, 0% used [0x00000000ec380000,0x00000000ec380000,0x00000000ec600000)
 ParOldGen       total 44032K, used 8072K [0x00000000c1a00000, 0x00000000c4500000, 0x00000000eb380000)
  object space 44032K, 18% used [0x00000000c1a00000,0x00000000c21e2258,0x00000000c4500000)
 Metaspace       used 20074K, capacity 21198K, committed 21296K, reserved 1067008K
  class space    used 2932K, capacity 3156K, committed 3200K, reserved 1048576K
}
Event: 8.673 GC heap before
{Heap before GC invocations=5 (full 1):
 PSYoungGen      total 18944K, used 2550K [0x00000000eb380000, 0x00000000ec880000, 0x0000000100000000)
  eden space 16384K, 0% used [0x00000000eb380000,0x00000000eb380000,0x00000000ec380000)
  from space 2560K, 99% used [0x00000000ec600000,0x00000000ec87db20,0x00000000ec880000)
  to   space 2560K, 0% used [0x00000000ec380000,0x00000000ec380000,0x00000000ec600000)
 ParOldGen       total 44032K, used 8072K [0x00000000c1a00000, 0x00000000c4500000, 0x00000000eb380000)
  object space 44032K, 18% used [0x00000000c1a00000,0x00000000c21e2258,0x00000000c4500000)
 Metaspace       used 20074K, capacity 21198K, committed 21296K, reserved 1067008K
  class space    used 2932K, capacity 3156K, committed 3200K, reserved 1048576K
Event: 8.762 GC heap after
Heap after GC invocations=5 (full 1):
 PSYoungGen      total 18944K, used 0K [0x00000000eb380000, 0x00000000ec880000, 0x0000000100000000)
  eden space 16384K, 0% used [0x00000000eb380000,0x00000000eb380000,0x00000000ec380000)
  from space 2560K, 0% used [0x00000000ec600000,0x00000000ec600000,0x00000000ec880000)
  to   space 2560K, 0% used [0x00000000ec380000,0x00000000ec380000,0x00000000ec600000)
 ParOldGen       total 40448K, used 9876K [0x00000000c1a00000, 0x00000000c4180000, 0x00000000eb380000)
  object space 40448K, 24% used [0x00000000c1a00000,0x00000000c23a5070,0x00000000c4180000)
 Metaspace       used 20074K, capacity 21198K, committed 21296K, reserved 1067008K
  class space    used 2932K, capacity 3156K, committed 3200K, reserved 1048576K
}
Event: 11.216 GC heap before
{Heap before GC invocations=6 (full 1):
 PSYoungGen      total 18944K, used 16384K [0x00000000eb380000, 0x00000000ec880000, 0x0000000100000000)
  eden space 16384K, 100% used [0x00000000eb380000,0x00000000ec380000,0x00000000ec380000)
  from space 2560K, 0% used [0x00000000ec600000,0x00000000ec600000,0x00000000ec880000)
  to   space 2560K, 0% used [0x00000000ec380000,0x00000000ec380000,0x00000000ec600000)
 ParOldGen       total 40448K, used 9876K [0x00000000c1a00000, 0x00000000c4180000, 0x00000000eb380000)
  object space 40448K, 24% used [0x00000000c1a00000,0x00000000c23a5070,0x00000000c4180000)
 Metaspace       used 21417K, capacity 22848K, committed 23168K, reserved 1069056K
  class space    used 3126K, capacity 3373K, committed 3456K, reserved 1048576K
Event: 11.230 GC heap after
Heap after GC invocations=6 (full 1):
 PSYoungGen      total 18944K, used 2560K [0x00000000eb380000, 0x00000000ed980000, 0x0000000100000000)
  eden space 16384K, 0% used [0x00000000eb380000,0x00000000eb380000,0x00000000ec380000)
  from space 2560K, 100% used [0x00000000ec380000,0x00000000ec600000,0x00000000ec600000)
  to   space 7680K, 0% used [0x00000000ed200000,0x00000000ed200000,0x00000000ed980000)
 ParOldGen       total 40448K, used 10844K [0x00000000c1a00000, 0x00000000c4180000, 0x00000000eb380000)
  object space 40448K, 26% used [0x00000000c1a00000,0x00000000c2497070,0x00000000c4180000)
 Metaspace       used 21417K, capacity 22848K, committed 23168K, reserved 1069056K
  class space    used 3126K, capacity 3373K, committed 3456K, reserved 1048576K
}

